Analysis & Synthesis report for vga
Wed May 15 20:45:03 2019
Quartus II 64-Bit Version 13.1.0 Build 162 10/23/2013 SJ Web Edition


---------------------
; Table of Contents ;
---------------------
  1. Legal Notice
  2. Analysis & Synthesis Summary
  3. Analysis & Synthesis Settings
  4. Parallel Compilation
  5. Analysis & Synthesis Source Files Read
  6. Analysis & Synthesis Resource Usage Summary
  7. Analysis & Synthesis Resource Utilization by Entity
  8. Analysis & Synthesis DSP Block Usage Summary
  9. General Register Statistics
 10. Multiplexer Restructuring Statistics (Restructuring Performed)
 11. Port Connectivity Checks: "circle:C4"
 12. Port Connectivity Checks: "circle:C3"
 13. Port Connectivity Checks: "circle:C2"
 14. Port Connectivity Checks: "circle:C1"
 15. Port Connectivity Checks: "hexagon:H2"
 16. Port Connectivity Checks: "hexagon:H1"
 17. Port Connectivity Checks: "randnum:R12"
 18. Port Connectivity Checks: "randnum:R11"
 19. Port Connectivity Checks: "randnum:R10"
 20. Port Connectivity Checks: "randnum:R9"
 21. Port Connectivity Checks: "randnum:R8"
 22. Port Connectivity Checks: "randnum:R7"
 23. Port Connectivity Checks: "randnum:R6"
 24. Port Connectivity Checks: "randnum:R5"
 25. Port Connectivity Checks: "randnum:R4"
 26. Port Connectivity Checks: "randnum:R3"
 27. Port Connectivity Checks: "randnum:R2"
 28. Port Connectivity Checks: "randnum:R1"
 29. Port Connectivity Checks: "vga640x480:display"
 30. Elapsed Time Per Partition
 31. Analysis & Synthesis Messages
 32. Analysis & Synthesis Suppressed Messages



----------------
; Legal Notice ;
----------------
Copyright (C) 1991-2013 Altera Corporation
Your use of Altera Corporation's design tools, logic functions 
and other software and tools, and its AMPP partner logic 
functions, and any output files from any of the foregoing 
(including device programming or simulation files), and any 
associated documentation or information are expressly subject 
to the terms and conditions of the Altera Program License 
Subscription Agreement, Altera MegaCore Function License 
Agreement, or other applicable license agreement, including, 
without limitation, that your use is for the sole purpose of 
programming logic devices manufactured by Altera and sold by 
Altera or its authorized distributors.  Please refer to the 
applicable agreement for further details.



+------------------------------------------------------------------------------+
; Analysis & Synthesis Summary                                                 ;
+---------------------------------+--------------------------------------------+
; Analysis & Synthesis Status     ; Successful - Wed May 15 20:45:03 2019      ;
; Quartus II 64-Bit Version       ; 13.1.0 Build 162 10/23/2013 SJ Web Edition ;
; Revision Name                   ; vga                                        ;
; Top-level Entity Name           ; vga                                        ;
; Family                          ; Cyclone V                                  ;
; Logic utilization (in ALMs)     ; N/A                                        ;
; Total registers                 ; 21                                         ;
; Total pins                      ; 29                                         ;
; Total virtual pins              ; 0                                          ;
; Total block memory bits         ; 0                                          ;
; Total DSP Blocks                ; 46                                         ;
; Total HSSI RX PCSs              ; 0                                          ;
; Total HSSI PMA RX Deserializers ; 0                                          ;
; Total HSSI TX PCSs              ; 0                                          ;
; Total HSSI TX Channels          ; 0                                          ;
; Total PLLs                      ; 0                                          ;
; Total DLLs                      ; 0                                          ;
+---------------------------------+--------------------------------------------+


+---------------------------------------------------------------------------------------------------------------------------+
; Analysis & Synthesis Settings                                                                                             ;
+---------------------------------------------------------------------------------+--------------------+--------------------+
; Option                                                                          ; Setting            ; Default Value      ;
+---------------------------------------------------------------------------------+--------------------+--------------------+
; Device                                                                          ; 5CSEMA5F31C6       ;                    ;
; Top-level entity name                                                           ; vga                ; vga                ;
; Family name                                                                     ; Cyclone V          ; Cyclone IV GX      ;
; Use smart compilation                                                           ; Off                ; Off                ;
; Enable parallel Assembler and TimeQuest Timing Analyzer during compilation      ; On                 ; On                 ;
; Enable compact report table                                                     ; Off                ; Off                ;
; Restructure Multiplexers                                                        ; Auto               ; Auto               ;
; MLAB Add Timing Constraints For Mixed-Port Feed-Through Mode Setting Don't Care ; Off                ; Off                ;
; Create Debugging Nodes for IP Cores                                             ; Off                ; Off                ;
; Preserve fewer node names                                                       ; On                 ; On                 ;
; Disable OpenCore Plus hardware evaluation                                       ; Off                ; Off                ;
; Verilog Version                                                                 ; Verilog_2001       ; Verilog_2001       ;
; VHDL Version                                                                    ; VHDL_1993          ; VHDL_1993          ;
; State Machine Processing                                                        ; Auto               ; Auto               ;
; Safe State Machine                                                              ; Off                ; Off                ;
; Extract Verilog State Machines                                                  ; On                 ; On                 ;
; Extract VHDL State Machines                                                     ; On                 ; On                 ;
; Ignore Verilog initial constructs                                               ; Off                ; Off                ;
; Iteration limit for constant Verilog loops                                      ; 5000               ; 5000               ;
; Iteration limit for non-constant Verilog loops                                  ; 250                ; 250                ;
; Add Pass-Through Logic to Inferred RAMs                                         ; On                 ; On                 ;
; Infer RAMs from Raw Logic                                                       ; On                 ; On                 ;
; Parallel Synthesis                                                              ; On                 ; On                 ;
; DSP Block Balancing                                                             ; Auto               ; Auto               ;
; NOT Gate Push-Back                                                              ; On                 ; On                 ;
; Power-Up Don't Care                                                             ; On                 ; On                 ;
; Remove Redundant Logic Cells                                                    ; Off                ; Off                ;
; Remove Duplicate Registers                                                      ; On                 ; On                 ;
; Ignore CARRY Buffers                                                            ; Off                ; Off                ;
; Ignore CASCADE Buffers                                                          ; Off                ; Off                ;
; Ignore GLOBAL Buffers                                                           ; Off                ; Off                ;
; Ignore ROW GLOBAL Buffers                                                       ; Off                ; Off                ;
; Ignore LCELL Buffers                                                            ; Off                ; Off                ;
; Ignore SOFT Buffers                                                             ; On                 ; On                 ;
; Limit AHDL Integers to 32 Bits                                                  ; Off                ; Off                ;
; Optimization Technique                                                          ; Balanced           ; Balanced           ;
; Carry Chain Length                                                              ; 70                 ; 70                 ;
; Auto Carry Chains                                                               ; On                 ; On                 ;
; Auto Open-Drain Pins                                                            ; On                 ; On                 ;
; Perform WYSIWYG Primitive Resynthesis                                           ; Off                ; Off                ;
; Auto ROM Replacement                                                            ; On                 ; On                 ;
; Auto RAM Replacement                                                            ; On                 ; On                 ;
; Auto DSP Block Replacement                                                      ; On                 ; On                 ;
; Auto Shift Register Replacement                                                 ; Auto               ; Auto               ;
; Allow Shift Register Merging across Hierarchies                                 ; Auto               ; Auto               ;
; Auto Clock Enable Replacement                                                   ; On                 ; On                 ;
; Strict RAM Replacement                                                          ; Off                ; Off                ;
; Allow Synchronous Control Signals                                               ; On                 ; On                 ;
; Force Use of Synchronous Clear Signals                                          ; Off                ; Off                ;
; Auto Resource Sharing                                                           ; Off                ; Off                ;
; Allow Any RAM Size For Recognition                                              ; Off                ; Off                ;
; Allow Any ROM Size For Recognition                                              ; Off                ; Off                ;
; Allow Any Shift Register Size For Recognition                                   ; Off                ; Off                ;
; Use LogicLock Constraints during Resource Balancing                             ; On                 ; On                 ;
; Ignore translate_off and synthesis_off directives                               ; Off                ; Off                ;
; Timing-Driven Synthesis                                                         ; On                 ; On                 ;
; Report Parameter Settings                                                       ; On                 ; On                 ;
; Report Source Assignments                                                       ; On                 ; On                 ;
; Report Connectivity Checks                                                      ; On                 ; On                 ;
; Ignore Maximum Fan-Out Assignments                                              ; Off                ; Off                ;
; Synchronization Register Chain Length                                           ; 3                  ; 3                  ;
; PowerPlay Power Optimization                                                    ; Normal compilation ; Normal compilation ;
; HDL message level                                                               ; Level2             ; Level2             ;
; Suppress Register Optimization Related Messages                                 ; Off                ; Off                ;
; Number of Removed Registers Reported in Synthesis Report                        ; 5000               ; 5000               ;
; Number of Swept Nodes Reported in Synthesis Report                              ; 5000               ; 5000               ;
; Number of Inverted Registers Reported in Synthesis Report                       ; 100                ; 100                ;
; Clock MUX Protection                                                            ; On                 ; On                 ;
; Auto Gated Clock Conversion                                                     ; Off                ; Off                ;
; Block Design Naming                                                             ; Auto               ; Auto               ;
; SDC constraint protection                                                       ; Off                ; Off                ;
; Synthesis Effort                                                                ; Auto               ; Auto               ;
; Shift Register Replacement - Allow Asynchronous Clear Signal                    ; On                 ; On                 ;
; Pre-Mapping Resynthesis Optimization                                            ; Off                ; Off                ;
; Analysis & Synthesis Message Level                                              ; Medium             ; Medium             ;
; Disable Register Merging Across Hierarchies                                     ; Auto               ; Auto               ;
; Resource Aware Inference For Block RAM                                          ; On                 ; On                 ;
; Synthesis Seed                                                                  ; 1                  ; 1                  ;
; Automatic Parallel Synthesis                                                    ; On                 ; On                 ;
+---------------------------------------------------------------------------------+--------------------+--------------------+


Parallel compilation was disabled, but you have multiple processors available. Enable parallel compilation to reduce compilation time.
+-------------------------------------+
; Parallel Compilation                ;
+----------------------------+--------+
; Processors                 ; Number ;
+----------------------------+--------+
; Number detected on machine ; 8      ;
; Maximum allowed            ; 1      ;
+----------------------------+--------+


+--------------------------------------------------------------------------------------------------------------------------------------------------+
; Analysis & Synthesis Source Files Read                                                                                                           ;
+----------------------------------+-----------------+------------------------+----------------------------------------------------------+---------+
; File Name with User-Entered Path ; Used in Netlist ; File Type              ; File Name with Absolute Path                             ; Library ;
+----------------------------------+-----------------+------------------------+----------------------------------------------------------+---------+
; vga.v                            ; yes             ; User Verilog HDL File  ; C:/Users/Mormie/Desktop/COURSES/Pinball/vga/vga.v        ;         ;
; vga640x480.v                     ; yes             ; User Verilog HDL File  ; C:/Users/Mormie/Desktop/COURSES/Pinball/vga/vga640x480.v ;         ;
; hexagon.v                        ; yes             ; User Verilog HDL File  ; C:/Users/Mormie/Desktop/COURSES/Pinball/vga/hexagon.v    ;         ;
; randnum.v                        ; yes             ; User Verilog HDL File  ; C:/Users/Mormie/Desktop/COURSES/Pinball/vga/randnum.v    ;         ;
; circle.v                         ; yes             ; User Verilog HDL File  ; C:/Users/Mormie/Desktop/COURSES/Pinball/vga/circle.v     ;         ;
+----------------------------------+-----------------+------------------------+----------------------------------------------------------+---------+


+----------------------------------------------------------------------+
; Analysis & Synthesis Resource Usage Summary                          ;
+---------------------------------------------+------------------------+
; Resource                                    ; Usage                  ;
+---------------------------------------------+------------------------+
; Estimate of Logic utilization (ALMs needed) ; 557                    ;
;                                             ;                        ;
; Combinational ALUT usage for logic          ; 894                    ;
;     -- 7 input functions                    ; 0                      ;
;     -- 6 input functions                    ; 219                    ;
;     -- 5 input functions                    ; 99                     ;
;     -- 4 input functions                    ; 103                    ;
;     -- <=3 input functions                  ; 473                    ;
;                                             ;                        ;
; Dedicated logic registers                   ; 21                     ;
;                                             ;                        ;
; I/O pins                                    ; 29                     ;
; Total DSP Blocks                            ; 46                     ;
; Maximum fan-out node                        ; hexagon:H1|x_large[20] ;
; Maximum fan-out                             ; 49                     ;
; Total fan-out                               ; 3666                   ;
; Average fan-out                             ; 3.60                   ;
+---------------------------------------------+------------------------+


+---------------------------------------------------------------------------------------------------------------------------------------------------------------+
; Analysis & Synthesis Resource Utilization by Entity                                                                                                           ;
+----------------------------+-------------------+--------------+-------------------+------------+------+--------------+-------------------------+--------------+
; Compilation Hierarchy Node ; LC Combinationals ; LC Registers ; Block Memory Bits ; DSP Blocks ; Pins ; Virtual Pins ; Full Hierarchy Name     ; Library Name ;
+----------------------------+-------------------+--------------+-------------------+------------+------+--------------+-------------------------+--------------+
; |vga                       ; 894 (4)           ; 21 (1)       ; 0                 ; 46         ; 29   ; 0            ; |vga                    ; work         ;
;    |circle:C1|             ; 111 (111)         ; 0 (0)        ; 0                 ; 6          ; 0    ; 0            ; |vga|circle:C1          ; work         ;
;    |circle:C2|             ; 109 (109)         ; 0 (0)        ; 0                 ; 6          ; 0    ; 0            ; |vga|circle:C2          ; work         ;
;    |circle:C3|             ; 111 (111)         ; 0 (0)        ; 0                 ; 6          ; 0    ; 0            ; |vga|circle:C3          ; work         ;
;    |circle:C4|             ; 98 (98)           ; 0 (0)        ; 0                 ; 6          ; 0    ; 0            ; |vga|circle:C4          ; work         ;
;    |hexagon:H1|            ; 203 (203)         ; 0 (0)        ; 0                 ; 11         ; 0    ; 0            ; |vga|hexagon:H1         ; work         ;
;    |hexagon:H2|            ; 203 (203)         ; 0 (0)        ; 0                 ; 11         ; 0    ; 0            ; |vga|hexagon:H2         ; work         ;
;    |vga640x480:display|    ; 55 (55)           ; 20 (20)      ; 0                 ; 0          ; 0    ; 0            ; |vga|vga640x480:display ; work         ;
+----------------------------+-------------------+--------------+-------------------+------------+------+--------------+-------------------------+--------------+
Note: For table entries with two numbers listed, the numbers in parentheses indicate the number of resources of the given type used by the specific entity alone. The numbers listed outside of parentheses indicate the total resources of the given type used by the specific entity and all of its sub-entities in the hierarchy.


+--------------------------------------------------------------------------------------+
; Analysis & Synthesis DSP Block Usage Summary                                         ;
+------------------------------+-------------+---------------------+-------------------+
; Statistic                    ; Number Used ; Available per Block ; Maximum Available ;
+------------------------------+-------------+---------------------+-------------------+
; Independent 9x9              ; 12          ; 3.00                ; --                ;
; Independent 18x18            ; 16          ; 2.00                ; --                ;
; Sum of two 18x18             ; 12          ; 1.00                ; --                ;
; Independent 27x27            ; 6           ; 1.00                ; --                ;
; DSP Block                    ; 46          ; --                  ; --                ;
; DSP 18-bit Element           ; 40          ; 2.00                ; --                ;
; DSP 27-bit Element           ; 18          ; 1.00                ; --                ;
; Unsigned Multiplier          ; 58          ; --                  ; --                ;
; Dedicated Output Adder Chain ; 2           ; --                  ; --                ;
+------------------------------+-------------+---------------------+-------------------+


+------------------------------------------------------+
; General Register Statistics                          ;
+----------------------------------------------+-------+
; Statistic                                    ; Value ;
+----------------------------------------------+-------+
; Total registers                              ; 21    ;
; Number of registers using Synchronous Clear  ; 20    ;
; Number of registers using Synchronous Load   ; 0     ;
; Number of registers using Asynchronous Clear ; 0     ;
; Number of registers using Asynchronous Load  ; 0     ;
; Number of registers using Clock Enable       ; 20    ;
; Number of registers using Preset             ; 0     ;
+----------------------------------------------+-------+


+--------------------------------------------------------------------------------------------------------------------------------------------------+
; Multiplexer Restructuring Statistics (Restructuring Performed)                                                                                   ;
+--------------------+-----------+---------------+----------------------+------------------------+------------+------------------------------------+
; Multiplexer Inputs ; Bus Width ; Baseline Area ; Area if Restructured ; Saving if Restructured ; Registered ; Example Multiplexer Output         ;
+--------------------+-----------+---------------+----------------------+------------------------+------------+------------------------------------+
; 4:1                ; 10 bits   ; 20 LEs        ; 0 LEs                ; 20 LEs                 ; Yes        ; |vga|vga640x480:display|h_count[0] ;
; 4:1                ; 10 bits   ; 20 LEs        ; 0 LEs                ; 20 LEs                 ; Yes        ; |vga|vga640x480:display|v_count[0] ;
+--------------------+-----------+---------------+----------------------+------------------------+------------+------------------------------------+


+-------------------------------------------------------------------------------------------------------------------------------------------------------------------------------+
; Port Connectivity Checks: "circle:C4"                                                                                                                                         ;
+---------------+-------+----------+--------------------------------------------------------------------------------------------------------------------------------------------+
; Port          ; Type  ; Severity ; Details                                                                                                                                    ;
+---------------+-------+----------+--------------------------------------------------------------------------------------------------------------------------------------------+
; xcenter[5..0] ; Input ; Info     ; Stuck at GND                                                                                                                               ;
; xcenter[9]    ; Input ; Info     ; Stuck at GND                                                                                                                               ;
; xcenter[8]    ; Input ; Info     ; Stuck at VCC                                                                                                                               ;
; xcenter[7]    ; Input ; Info     ; Stuck at GND                                                                                                                               ;
; xcenter[6]    ; Input ; Info     ; Stuck at VCC                                                                                                                               ;
; y             ; Input ; Warning  ; Input port expression (9 bits) is smaller than the input port (10 bits) it drives.  Extra input bit(s) "y[9..9]" will be connected to GND. ;
; ycenter[5..0] ; Input ; Info     ; Stuck at GND                                                                                                                               ;
; ycenter[9]    ; Input ; Info     ; Stuck at GND                                                                                                                               ;
; ycenter[8]    ; Input ; Info     ; Stuck at VCC                                                                                                                               ;
; ycenter[7]    ; Input ; Info     ; Stuck at GND                                                                                                                               ;
; ycenter[6]    ; Input ; Info     ; Stuck at VCC                                                                                                                               ;
+---------------+-------+----------+--------------------------------------------------------------------------------------------------------------------------------------------+


+-------------------------------------------------------------------------------------------------------------------------------------------------------------------------------+
; Port Connectivity Checks: "circle:C3"                                                                                                                                         ;
+---------------+-------+----------+--------------------------------------------------------------------------------------------------------------------------------------------+
; Port          ; Type  ; Severity ; Details                                                                                                                                    ;
+---------------+-------+----------+--------------------------------------------------------------------------------------------------------------------------------------------+
; xcenter[7..3] ; Input ; Info     ; Stuck at VCC                                                                                                                               ;
; xcenter[9..8] ; Input ; Info     ; Stuck at GND                                                                                                                               ;
; xcenter[2]    ; Input ; Info     ; Stuck at GND                                                                                                                               ;
; xcenter[1]    ; Input ; Info     ; Stuck at VCC                                                                                                                               ;
; xcenter[0]    ; Input ; Info     ; Stuck at GND                                                                                                                               ;
; y             ; Input ; Warning  ; Input port expression (9 bits) is smaller than the input port (10 bits) it drives.  Extra input bit(s) "y[9..9]" will be connected to GND. ;
; ycenter[7..3] ; Input ; Info     ; Stuck at VCC                                                                                                                               ;
; ycenter[9..8] ; Input ; Info     ; Stuck at GND                                                                                                                               ;
; ycenter[2]    ; Input ; Info     ; Stuck at GND                                                                                                                               ;
; ycenter[1]    ; Input ; Info     ; Stuck at VCC                                                                                                                               ;
; ycenter[0]    ; Input ; Info     ; Stuck at GND                                                                                                                               ;
+---------------+-------+----------+--------------------------------------------------------------------------------------------------------------------------------------------+


+-------------------------------------------------------------------------------------------------------------------------------------------------------------------------------+
; Port Connectivity Checks: "circle:C2"                                                                                                                                         ;
+---------------+-------+----------+--------------------------------------------------------------------------------------------------------------------------------------------+
; Port          ; Type  ; Severity ; Details                                                                                                                                    ;
+---------------+-------+----------+--------------------------------------------------------------------------------------------------------------------------------------------+
; xcenter[2..1] ; Input ; Info     ; Stuck at VCC                                                                                                                               ;
; xcenter[9..8] ; Input ; Info     ; Stuck at GND                                                                                                                               ;
; xcenter[6..5] ; Input ; Info     ; Stuck at GND                                                                                                                               ;
; xcenter[7]    ; Input ; Info     ; Stuck at VCC                                                                                                                               ;
; xcenter[4]    ; Input ; Info     ; Stuck at VCC                                                                                                                               ;
; xcenter[3]    ; Input ; Info     ; Stuck at GND                                                                                                                               ;
; xcenter[0]    ; Input ; Info     ; Stuck at GND                                                                                                                               ;
; y             ; Input ; Warning  ; Input port expression (9 bits) is smaller than the input port (10 bits) it drives.  Extra input bit(s) "y[9..9]" will be connected to GND. ;
; ycenter[2..1] ; Input ; Info     ; Stuck at VCC                                                                                                                               ;
; ycenter[9..8] ; Input ; Info     ; Stuck at GND                                                                                                                               ;
; ycenter[6..5] ; Input ; Info     ; Stuck at GND                                                                                                                               ;
; ycenter[7]    ; Input ; Info     ; Stuck at VCC                                                                                                                               ;
; ycenter[4]    ; Input ; Info     ; Stuck at VCC                                                                                                                               ;
; ycenter[3]    ; Input ; Info     ; Stuck at GND                                                                                                                               ;
; ycenter[0]    ; Input ; Info     ; Stuck at GND                                                                                                                               ;
+---------------+-------+----------+--------------------------------------------------------------------------------------------------------------------------------------------+


+-------------------------------------------------------------------------------------------------------------------------------------------------------------------------------+
; Port Connectivity Checks: "circle:C1"                                                                                                                                         ;
+---------------+-------+----------+--------------------------------------------------------------------------------------------------------------------------------------------+
; Port          ; Type  ; Severity ; Details                                                                                                                                    ;
+---------------+-------+----------+--------------------------------------------------------------------------------------------------------------------------------------------+
; xcenter[5..4] ; Input ; Info     ; Stuck at VCC                                                                                                                               ;
; xcenter[9..6] ; Input ; Info     ; Stuck at GND                                                                                                                               ;
; xcenter[3..2] ; Input ; Info     ; Stuck at GND                                                                                                                               ;
; xcenter[1]    ; Input ; Info     ; Stuck at VCC                                                                                                                               ;
; xcenter[0]    ; Input ; Info     ; Stuck at GND                                                                                                                               ;
; y             ; Input ; Warning  ; Input port expression (9 bits) is smaller than the input port (10 bits) it drives.  Extra input bit(s) "y[9..9]" will be connected to GND. ;
; ycenter[5..4] ; Input ; Info     ; Stuck at VCC                                                                                                                               ;
; ycenter[9..6] ; Input ; Info     ; Stuck at GND                                                                                                                               ;
; ycenter[3..2] ; Input ; Info     ; Stuck at GND                                                                                                                               ;
; ycenter[1]    ; Input ; Info     ; Stuck at VCC                                                                                                                               ;
; ycenter[0]    ; Input ; Info     ; Stuck at GND                                                                                                                               ;
+---------------+-------+----------+--------------------------------------------------------------------------------------------------------------------------------------------+


+-------------------------------------------------------------------------------------------------------------------------------------------------------------------------------------+
; Port Connectivity Checks: "hexagon:H2"                                                                                                                                              ;
+---------------+-------+----------+--------------------------------------------------------------------------------------------------------------------------------------------------+
; Port          ; Type  ; Severity ; Details                                                                                                                                          ;
+---------------+-------+----------+--------------------------------------------------------------------------------------------------------------------------------------------------+
; xcenter       ; Input ; Warning  ; Input port expression (9 bits) is smaller than the input port (10 bits) it drives.  Extra input bit(s) "xcenter[9..9]" will be connected to GND. ;
; xcenter[6..5] ; Input ; Info     ; Stuck at VCC                                                                                                                                     ;
; xcenter[8..7] ; Input ; Info     ; Stuck at GND                                                                                                                                     ;
; xcenter[4..3] ; Input ; Info     ; Stuck at GND                                                                                                                                     ;
; xcenter[1..0] ; Input ; Info     ; Stuck at GND                                                                                                                                     ;
; xcenter[3]    ; Input ; Info     ; Stuck at VCC                                                                                                                                     ;
; y             ; Input ; Warning  ; Input port expression (9 bits) is smaller than the input port (10 bits) it drives.  Extra input bit(s) "y[9..9]" will be connected to GND.       ;
; ycenter       ; Input ; Warning  ; Input port expression (9 bits) is smaller than the input port (10 bits) it drives.  Extra input bit(s) "ycenter[9..9]" will be connected to GND. ;
; ycenter[6..5] ; Input ; Info     ; Stuck at VCC                                                                                                                                     ;
; ycenter[8..7] ; Input ; Info     ; Stuck at GND                                                                                                                                     ;
; ycenter[4..3] ; Input ; Info     ; Stuck at GND                                                                                                                                     ;
; ycenter[1..0] ; Input ; Info     ; Stuck at GND                                                                                                                                     ;
; ycenter[3]    ; Input ; Info     ; Stuck at VCC                                                                                                                                     ;
+---------------+-------+----------+--------------------------------------------------------------------------------------------------------------------------------------------------+


+-------------------------------------------------------------------------------------------------------------------------------------------------------------------------------------+
; Port Connectivity Checks: "hexagon:H1"                                                                                                                                              ;
+---------------+-------+----------+--------------------------------------------------------------------------------------------------------------------------------------------------+
; Port          ; Type  ; Severity ; Details                                                                                                                                          ;
+---------------+-------+----------+--------------------------------------------------------------------------------------------------------------------------------------------------+
; xcenter       ; Input ; Warning  ; Input port expression (9 bits) is smaller than the input port (10 bits) it drives.  Extra input bit(s) "xcenter[9..9]" will be connected to GND. ;
; xcenter[7..0] ; Input ; Info     ; Stuck at GND                                                                                                                                     ;
; xcenter[9]    ; Input ; Info     ; Stuck at VCC                                                                                                                                     ;
; y             ; Input ; Warning  ; Input port expression (9 bits) is smaller than the input port (10 bits) it drives.  Extra input bit(s) "y[9..9]" will be connected to GND.       ;
; ycenter       ; Input ; Warning  ; Input port expression (9 bits) is smaller than the input port (10 bits) it drives.  Extra input bit(s) "ycenter[9..9]" will be connected to GND. ;
; ycenter[7..0] ; Input ; Info     ; Stuck at GND                                                                                                                                     ;
; ycenter[9]    ; Input ; Info     ; Stuck at VCC                                                                                                                                     ;
+---------------+-------+----------+--------------------------------------------------------------------------------------------------------------------------------------------------+


+---------------------------------------------------------------------------------------------------------------------------------------------------------------------------+
; Port Connectivity Checks: "randnum:R12"                                                                                                                                   ;
+--------+--------+----------+----------------------------------------------------------------------------------------------------------------------------------------------+
; Port   ; Type   ; Severity ; Details                                                                                                                                      ;
+--------+--------+----------+----------------------------------------------------------------------------------------------------------------------------------------------+
; random ; Output ; Info     ; Connected to dangling logic. Logic that only feeds a dangling port will be removed.                                                          ;
; reset  ; Input  ; Warning  ; Declared by entity but not connected by instance. If a default value exists, it will be used.  Otherwise, the port will be connected to GND. ;
+--------+--------+----------+----------------------------------------------------------------------------------------------------------------------------------------------+


+---------------------------------------------------------------------------------------------------------------------------------------------------------------------------+
; Port Connectivity Checks: "randnum:R11"                                                                                                                                   ;
+--------+--------+----------+----------------------------------------------------------------------------------------------------------------------------------------------+
; Port   ; Type   ; Severity ; Details                                                                                                                                      ;
+--------+--------+----------+----------------------------------------------------------------------------------------------------------------------------------------------+
; random ; Output ; Info     ; Connected to dangling logic. Logic that only feeds a dangling port will be removed.                                                          ;
; reset  ; Input  ; Warning  ; Declared by entity but not connected by instance. If a default value exists, it will be used.  Otherwise, the port will be connected to GND. ;
+--------+--------+----------+----------------------------------------------------------------------------------------------------------------------------------------------+


+---------------------------------------------------------------------------------------------------------------------------------------------------------------------------+
; Port Connectivity Checks: "randnum:R10"                                                                                                                                   ;
+--------+--------+----------+----------------------------------------------------------------------------------------------------------------------------------------------+
; Port   ; Type   ; Severity ; Details                                                                                                                                      ;
+--------+--------+----------+----------------------------------------------------------------------------------------------------------------------------------------------+
; random ; Output ; Info     ; Connected to dangling logic. Logic that only feeds a dangling port will be removed.                                                          ;
; reset  ; Input  ; Warning  ; Declared by entity but not connected by instance. If a default value exists, it will be used.  Otherwise, the port will be connected to GND. ;
+--------+--------+----------+----------------------------------------------------------------------------------------------------------------------------------------------+


+---------------------------------------------------------------------------------------------------------------------------------------------------------------------------+
; Port Connectivity Checks: "randnum:R9"                                                                                                                                    ;
+--------+--------+----------+----------------------------------------------------------------------------------------------------------------------------------------------+
; Port   ; Type   ; Severity ; Details                                                                                                                                      ;
+--------+--------+----------+----------------------------------------------------------------------------------------------------------------------------------------------+
; random ; Output ; Info     ; Connected to dangling logic. Logic that only feeds a dangling port will be removed.                                                          ;
; reset  ; Input  ; Warning  ; Declared by entity but not connected by instance. If a default value exists, it will be used.  Otherwise, the port will be connected to GND. ;
+--------+--------+----------+----------------------------------------------------------------------------------------------------------------------------------------------+


+---------------------------------------------------------------------------------------------------------------------------------------------------------------------------+
; Port Connectivity Checks: "randnum:R8"                                                                                                                                    ;
+--------+--------+----------+----------------------------------------------------------------------------------------------------------------------------------------------+
; Port   ; Type   ; Severity ; Details                                                                                                                                      ;
+--------+--------+----------+----------------------------------------------------------------------------------------------------------------------------------------------+
; random ; Output ; Info     ; Connected to dangling logic. Logic that only feeds a dangling port will be removed.                                                          ;
; reset  ; Input  ; Warning  ; Declared by entity but not connected by instance. If a default value exists, it will be used.  Otherwise, the port will be connected to GND. ;
+--------+--------+----------+----------------------------------------------------------------------------------------------------------------------------------------------+


+---------------------------------------------------------------------------------------------------------------------------------------------------------------------------+
; Port Connectivity Checks: "randnum:R7"                                                                                                                                    ;
+--------+--------+----------+----------------------------------------------------------------------------------------------------------------------------------------------+
; Port   ; Type   ; Severity ; Details                                                                                                                                      ;
+--------+--------+----------+----------------------------------------------------------------------------------------------------------------------------------------------+
; random ; Output ; Info     ; Connected to dangling logic. Logic that only feeds a dangling port will be removed.                                                          ;
; reset  ; Input  ; Warning  ; Declared by entity but not connected by instance. If a default value exists, it will be used.  Otherwise, the port will be connected to GND. ;
+--------+--------+----------+----------------------------------------------------------------------------------------------------------------------------------------------+


+---------------------------------------------------------------------------------------------------------------------------------------------------------------------------+
; Port Connectivity Checks: "randnum:R6"                                                                                                                                    ;
+--------+--------+----------+----------------------------------------------------------------------------------------------------------------------------------------------+
; Port   ; Type   ; Severity ; Details                                                                                                                                      ;
+--------+--------+----------+----------------------------------------------------------------------------------------------------------------------------------------------+
; random ; Output ; Info     ; Connected to dangling logic. Logic that only feeds a dangling port will be removed.                                                          ;
; reset  ; Input  ; Warning  ; Declared by entity but not connected by instance. If a default value exists, it will be used.  Otherwise, the port will be connected to GND. ;
+--------+--------+----------+----------------------------------------------------------------------------------------------------------------------------------------------+


+---------------------------------------------------------------------------------------------------------------------------------------------------------------------------+
; Port Connectivity Checks: "randnum:R5"                                                                                                                                    ;
+--------+--------+----------+----------------------------------------------------------------------------------------------------------------------------------------------+
; Port   ; Type   ; Severity ; Details                                                                                                                                      ;
+--------+--------+----------+----------------------------------------------------------------------------------------------------------------------------------------------+
; random ; Output ; Info     ; Connected to dangling logic. Logic that only feeds a dangling port will be removed.                                                          ;
; reset  ; Input  ; Warning  ; Declared by entity but not connected by instance. If a default value exists, it will be used.  Otherwise, the port will be connected to GND. ;
+--------+--------+----------+----------------------------------------------------------------------------------------------------------------------------------------------+


+---------------------------------------------------------------------------------------------------------------------------------------------------------------------------+
; Port Connectivity Checks: "randnum:R4"                                                                                                                                    ;
+--------+--------+----------+----------------------------------------------------------------------------------------------------------------------------------------------+
; Port   ; Type   ; Severity ; Details                                                                                                                                      ;
+--------+--------+----------+----------------------------------------------------------------------------------------------------------------------------------------------+
; random ; Output ; Info     ; Connected to dangling logic. Logic that only feeds a dangling port will be removed.                                                          ;
; reset  ; Input  ; Warning  ; Declared by entity but not connected by instance. If a default value exists, it will be used.  Otherwise, the port will be connected to GND. ;
+--------+--------+----------+----------------------------------------------------------------------------------------------------------------------------------------------+


+---------------------------------------------------------------------------------------------------------------------------------------------------------------------------+
; Port Connectivity Checks: "randnum:R3"                                                                                                                                    ;
+--------+--------+----------+----------------------------------------------------------------------------------------------------------------------------------------------+
; Port   ; Type   ; Severity ; Details                                                                                                                                      ;
+--------+--------+----------+----------------------------------------------------------------------------------------------------------------------------------------------+
; random ; Output ; Info     ; Connected to dangling logic. Logic that only feeds a dangling port will be removed.                                                          ;
; reset  ; Input  ; Warning  ; Declared by entity but not connected by instance. If a default value exists, it will be used.  Otherwise, the port will be connected to GND. ;
+--------+--------+----------+----------------------------------------------------------------------------------------------------------------------------------------------+


+---------------------------------------------------------------------------------------------------------------------------------------------------------------------------+
; Port Connectivity Checks: "randnum:R2"                                                                                                                                    ;
+--------+--------+----------+----------------------------------------------------------------------------------------------------------------------------------------------+
; Port   ; Type   ; Severity ; Details                                                                                                                                      ;
+--------+--------+----------+----------------------------------------------------------------------------------------------------------------------------------------------+
; random ; Output ; Info     ; Connected to dangling logic. Logic that only feeds a dangling port will be removed.                                                          ;
; reset  ; Input  ; Warning  ; Declared by entity but not connected by instance. If a default value exists, it will be used.  Otherwise, the port will be connected to GND. ;
+--------+--------+----------+----------------------------------------------------------------------------------------------------------------------------------------------+


+---------------------------------------------------------------------------------------------------------------------------------------------------------------------------+
; Port Connectivity Checks: "randnum:R1"                                                                                                                                    ;
+--------+--------+----------+----------------------------------------------------------------------------------------------------------------------------------------------+
; Port   ; Type   ; Severity ; Details                                                                                                                                      ;
+--------+--------+----------+----------------------------------------------------------------------------------------------------------------------------------------------+
; random ; Output ; Info     ; Connected to dangling logic. Logic that only feeds a dangling port will be removed.                                                          ;
; reset  ; Input  ; Warning  ; Declared by entity but not connected by instance. If a default value exists, it will be used.  Otherwise, the port will be connected to GND. ;
+--------+--------+----------+----------------------------------------------------------------------------------------------------------------------------------------------+


+--------------------------------------------------------------------------------------------------------------------------------------------+
; Port Connectivity Checks: "vga640x480:display"                                                                                             ;
+-------------+--------+----------+----------------------------------------------------------------------------------------------------------+
; Port        ; Type   ; Severity ; Details                                                                                                  ;
+-------------+--------+----------+----------------------------------------------------------------------------------------------------------+
; o_blanking  ; Output ; Warning  ; Declared by entity but not connected by instance. Logic that only feeds a dangling port will be removed. ;
; o_active    ; Output ; Warning  ; Declared by entity but not connected by instance. Logic that only feeds a dangling port will be removed. ;
; o_screenend ; Output ; Warning  ; Declared by entity but not connected by instance. Logic that only feeds a dangling port will be removed. ;
; o_animate   ; Output ; Warning  ; Declared by entity but not connected by instance. Logic that only feeds a dangling port will be removed. ;
+-------------+--------+----------+----------------------------------------------------------------------------------------------------------+


+-------------------------------+
; Elapsed Time Per Partition    ;
+----------------+--------------+
; Partition Name ; Elapsed Time ;
+----------------+--------------+
; Top            ; 00:00:02     ;
+----------------+--------------+


+-------------------------------+
; Analysis & Synthesis Messages ;
+-------------------------------+
Info: *******************************************************************
Info: Running Quartus II 64-Bit Analysis & Synthesis
    Info: Version 13.1.0 Build 162 10/23/2013 SJ Web Edition
    Info: Processing started: Wed May 15 20:44:59 2019
Info: Command: quartus_map --read_settings_files=on --write_settings_files=off vga -c vga
Warning (20028): Parallel compilation is not licensed and has been disabled
Info (12021): Found 1 design units, including 1 entities, in source file vga.v
    Info (12023): Found entity 1: vga
Info (12021): Found 1 design units, including 1 entities, in source file vga640x480.v
    Info (12023): Found entity 1: vga640x480
Info (12021): Found 1 design units, including 1 entities, in source file hexagon.v
    Info (12023): Found entity 1: hexagon
Warning (10229): Verilog HDL Expression warning at randnum.v(19): truncated literal to match 4 bits
Info (12021): Found 1 design units, including 1 entities, in source file randnum.v
    Info (12023): Found entity 1: randnum
Info (12021): Found 1 design units, including 1 entities, in source file circle.v
    Info (12023): Found entity 1: circle
Info (12127): Elaborating entity "vga" for the top level hierarchy
Info (12128): Elaborating entity "vga640x480" for hierarchy "vga640x480:display"
Warning (10230): Verilog HDL assignment warning at vga640x480.v(33): truncated value with size 32 to match size of target (10)
Warning (10230): Verilog HDL assignment warning at vga640x480.v(34): truncated value with size 32 to match size of target (9)
Warning (10230): Verilog HDL assignment warning at vga640x480.v(60): truncated value with size 32 to match size of target (10)
Warning (10230): Verilog HDL assignment warning at vga640x480.v(63): truncated value with size 32 to match size of target (10)
Info (12128): Elaborating entity "randnum" for hierarchy "randnum:R1"
Warning (10230): Verilog HDL assignment warning at randnum.v(29): truncated value with size 32 to match size of target (9)
Warning (10230): Verilog HDL assignment warning at randnum.v(35): truncated value with size 32 to match size of target (9)
Info (12128): Elaborating entity "hexagon" for hierarchy "hexagon:H1"
Info (12128): Elaborating entity "circle" for hierarchy "circle:C1"
Warning (12241): 19 hierarchies have connectivity warnings - see the Connectivity Checks report folder
Warning (13024): Output pins are stuck at VCC or GND
    Warning (13410): Pin "VGA_R[0]" is stuck at GND
    Warning (13410): Pin "VGA_R[1]" is stuck at GND
    Warning (13410): Pin "VGA_R[2]" is stuck at GND
    Warning (13410): Pin "VGA_R[3]" is stuck at GND
    Warning (13410): Pin "VGA_R[4]" is stuck at GND
    Warning (13410): Pin "VGA_R[5]" is stuck at GND
    Warning (13410): Pin "VGA_R[6]" is stuck at GND
    Warning (13410): Pin "VGA_G[0]" is stuck at GND
    Warning (13410): Pin "VGA_G[1]" is stuck at GND
    Warning (13410): Pin "VGA_G[2]" is stuck at GND
    Warning (13410): Pin "VGA_G[3]" is stuck at GND
    Warning (13410): Pin "VGA_G[4]" is stuck at GND
    Warning (13410): Pin "VGA_G[5]" is stuck at GND
    Warning (13410): Pin "VGA_G[6]" is stuck at GND
    Warning (13410): Pin "VGA_B[0]" is stuck at GND
    Warning (13410): Pin "VGA_B[1]" is stuck at GND
    Warning (13410): Pin "VGA_B[2]" is stuck at GND
    Warning (13410): Pin "VGA_B[3]" is stuck at GND
    Warning (13410): Pin "VGA_B[4]" is stuck at GND
    Warning (13410): Pin "VGA_B[5]" is stuck at GND
    Warning (13410): Pin "VGA_B[6]" is stuck at GND
Info (286030): Timing-Driven Synthesis is running
Info (144001): Generated suppressed messages file C:/Users/Mormie/Desktop/COURSES/Pinball/vga/output_files/vga.map.smsg
Info (16010): Generating hard_block partition "hard_block:auto_generated_inst"
    Info (16011): Adding 0 node(s), including 0 DDIO, 0 PLL, 0 transceiver and 0 LCELL
Info (21057): Implemented 969 device resources after synthesis - the final resource count might be different
    Info (21058): Implemented 2 input pins
    Info (21059): Implemented 27 output pins
    Info (21061): Implemented 894 logic cells
    Info (21062): Implemented 46 DSP elements
Info: Quartus II 64-Bit Analysis & Synthesis was successful. 0 errors, 31 warnings
    Info: Peak virtual memory: 561 megabytes
    Info: Processing ended: Wed May 15 20:45:03 2019
    Info: Elapsed time: 00:00:04
    Info: Total CPU time (on all processors): 00:00:04


+------------------------------------------+
; Analysis & Synthesis Suppressed Messages ;
+------------------------------------------+
The suppressed messages can be found in C:/Users/Mormie/Desktop/COURSES/Pinball/vga/output_files/vga.map.smsg.


